<?xml version="1.0" encoding="UTF-8"?>
<!-- Generated by org.testng.reporters.JUnitXMLReporter -->
<testsuite hostname="N396187A-DEN-OEM-2.local" ignored="0" name="Default test" tests="4" failures="0" timestamp="27 Nov 2019 16:04:32 GMT" time="2.314" errors="0">
  <testcase name="testResponseCodeFromCountryCode" time="1.352" classname="getRequest.GetData"/>
  <testcase name="testResponseCodeFromFullName" time="0.315" classname="getRequest.GetData"/>
  <testcase name="testResponseCodeFromPartialName" time="0.323" classname="getRequest.GetData"/>
  <testcase name="testResponseCodeFromPartialNameWithMultipleMatches" time="0.304" classname="getRequest.GetData"/>
</testsuite> <!-- Default test -->
